2017-05-03 13:22:00|Key_Procedure|iLiveSDK|initSdk(). appid: 1400019352 accoutType: 8970
2017-05-03 13:31:15|Key_Procedure|iLiveSDK|initSdk(). appid: 1400019352 accoutType: 8970
2017-05-03 13:32:46|Key_Procedure|iLiveSDK|initSdk(). appid: 1400019352 accoutType: 8970
2017-05-03 13:33:32|Key_Procedure|iLiveSDK|initSdk(). appid: 1400019352 accoutType: 8970
2017-05-03 13:34:00|Key_Procedure|iLiveSDK|destroy()
2017-05-03 13:34:41|Key_Procedure|iLiveSDK|initSdk(). appid: 1400019352 accoutType: 8970
2017-05-03 13:34:55|Key_Procedure|iLiveSDK|destroy()
2017-05-03 13:35:21|Key_Procedure|iLiveSDK|initSdk(). appid: 1400019352 accoutType: 8970
2017-05-03 13:36:25|Error|iLiveLoginMgr|IM login failed. Error: 6012 login failed.
2017-05-03 13:37:49|Key_Procedure|iLiveSDK|initSdk(). appid: 1400019352 accoutType: 8970
2017-05-03 13:39:07|Error|iLiveLoginMgr|IM login failed. Error: 6012 login failed.
2017-05-03 13:52:56|Key_Procedure|iLiveSDK|initSdk(). appid: 1400019352 accoutType: 8970
2017-05-03 13:53:44|Error|iLiveLoginMgr|IM login failed. Error: 6012 login failed.
2017-05-03 13:58:58|Key_Procedure|iLiveSDK|initSdk(). appid: 1400019352 accoutType: 8970
2017-05-03 14:00:14|Key_Procedure|iLiveSDK|initSdk(). appid: 1400019352 accoutType: 8970
2017-05-03 14:01:23|Key_Procedure|iLiveSDK|initSdk(). appid: 1400019352 accoutType: 8970
2017-05-03 14:06:17|Key_Procedure|iLiveSDK|initSdk(). appid: 1400019352 accoutType: 8970
2017-05-03 14:08:35|Key_Procedure|iLiveSDK|initSdk(). appid: 1400019352 accoutType: 8970
2017-05-03 14:12:09|Key_Procedure|iLiveSDK|initSdk(). appid: 1400019352 accoutType: 8970
2017-05-03 14:12:40|Key_Procedure|iLiveSDK|destroy()
2017-05-03 14:14:25|Key_Procedure|iLiveSDK|initSdk(). appid: 1400019352 accoutType: 8970
2017-05-03 14:14:57|Error|iLiveLoginMgr|IM login failed. Error: 6012 login failed.
2017-05-03 14:15:33|Key_Procedure|iLiveSDK|destroy()
2017-05-03 14:16:11|Key_Procedure|iLiveSDK|initSdk(). appid: 1400019352 accoutType: 8970
2017-05-03 14:18:22|Key_Procedure|iLiveSDK|initSdk(). appid: 1400019352 accoutType: 8970
2017-05-03 14:19:41|Error|iLiveLoginMgr|IM login failed. Error: 6012 login failed.
2017-05-03 14:20:56|Key_Procedure|iLiveSDK|destroy()
2017-05-03 14:21:40|Key_Procedure|iLiveSDK|initSdk(). appid: 1400019352 accoutType: 8970
2017-05-03 14:22:57|Error|iLiveLoginMgr|IM login failed. Error: 6012 login failed.
2017-05-03 14:25:05|Key_Procedure|iLiveSDK|initSdk(). appid: 1400019352 accoutType: 8970
2017-05-03 14:26:07|Key_Procedure|iLiveSDK|initSdk(). appid: 1400019352 accoutType: 8970
2017-05-03 14:28:59|Key_Procedure|iLiveSDK|initSdk(). appid: 1400019352 accoutType: 8970
2017-05-03 14:29:15|Key_Procedure|iLiveSDK|destroy()
2017-05-03 14:29:26|Key_Procedure|iLiveSDK|initSdk(). appid: 1400019352 accoutType: 8970
2017-05-03 14:30:09|Key_Procedure|iLiveSDK|destroy()
2017-05-03 14:30:21|Key_Procedure|iLiveSDK|initSdk(). appid: 1400019352 accoutType: 8970
2017-05-03 14:30:53|Error|iLiveLoginMgr|IM login failed. Error: 6012 login failed.
2017-05-03 14:31:49|Key_Procedure|iLiveSDK|initSdk(). appid: 1400019352 accoutType: 8970
2017-05-03 14:33:51|Key_Procedure|iLiveSDK|initSdk(). appid: 1400019352 accoutType: 8970
2017-05-03 14:34:34|Error|iLiveLoginMgr|IM login failed. Error: 6012 login failed.
2017-05-03 14:35:17|Key_Procedure|iLiveSDK|destroy()
2017-05-03 14:36:21|Key_Procedure|iLiveSDK|initSdk(). appid: 1400019352 accoutType: 8970
2017-05-03 14:37:24|Error|iLiveLoginMgr|IM login failed. Error: 6012 login failed.
2017-05-03 14:38:06|Key_Procedure|iLiveSDK|destroy()
2017-05-03 14:40:33|Key_Procedure|iLiveSDK|initSdk(). appid: 1400019352 accoutType: 8970
2017-05-03 14:40:53|Error|iLiveLoginMgr|IM login failed. Error: 6012 login failed.
2017-05-03 14:41:21|Key_Procedure|iLiveSDK|destroy()
2017-05-03 15:16:20|Key_Procedure|iLiveSDK|initSdk(). appid: 1400019352 accoutType: 8970
2017-05-03 15:16:26|Key_Procedure|iLiveSDK|destroy()
2017-05-03 15:16:37|Key_Procedure|iLiveSDK|initSdk(). appid: 1400019352 accoutType: 8970
2017-05-03 15:17:03|Key_Procedure|iLiveSDK|initSdk(). appid: 1400019352 accoutType: 8970
2017-05-03 15:29:41|Key_Procedure|iLiveSDK|initSdk(). appid: 1400019352 accoutType: 8970
2017-05-03 15:30:07|Key_Procedure|iLiveSDK|destroy()
2017-05-03 15:30:45|Key_Procedure|iLiveSDK|initSdk(). appid: 1400019352 accoutType: 8970
2017-05-03 15:32:27|Key_Procedure|iLiveSDK|initSdk(). appid: 1400019352 accoutType: 8970
2017-05-03 15:41:56|Key_Procedure|iLiveSDK|initSdk(). appid: 1400019352 accoutType: 8970
2017-05-03 15:42:23|Key_Procedure|iLiveSDK|initSdk(). appid: 1400019352 accoutType: 8970
2017-05-03 15:42:45|Key_Procedure|iLiveSDK|destroy()
2017-05-03 15:43:35|Key_Procedure|iLiveSDK|initSdk(). appid: 1400019352 accoutType: 8970
2017-05-03 15:44:44|Key_Procedure|iLiveSDK|initSdk(). appid: 1400019352 accoutType: 8970
2017-05-03 15:44:50|Key_Procedure|iLiveSDK|destroy()
2017-05-03 15:45:58|Key_Procedure|iLiveSDK|initSdk(). appid: 1400019352 accoutType: 8970
2017-05-03 15:46:06|Key_Procedure|iLiveSDK|destroy()
2017-05-03 15:58:03|Key_Procedure|iLiveSDK|initSdk(). appid: 1400019352 accoutType: 8970
2017-05-03 16:10:49|Key_Procedure|iLiveRoomMgr|setLocalVideoCallBack()
2017-05-03 16:10:49|Key_Procedure|iLiveRoomMgr|setRemoteVideoCallBack()
2017-05-03 16:10:54|Key_Procedure|iLiveSDK|initSdk(). appid: 1400019352 accoutType: 8970
2017-05-03 16:11:59|Key_Procedure|iLiveRoomMgr|setLocalVideoCallBack()
2017-05-03 16:11:59|Key_Procedure|iLiveRoomMgr|setRemoteVideoCallBack()
2017-05-03 16:13:07|Key_Procedure|iLiveSDK|initSdk(). appid: 1400019352 accoutType: 8970
2017-05-03 16:13:11|Key_Procedure|iLiveSDK|destroy()
2017-05-03 16:13:42|Key_Procedure|iLiveSDK|initSdk(). appid: 1400019352 accoutType: 8970
2017-05-03 16:13:45|Key_Procedure|iLiveSDK|destroy()
2017-05-03 16:14:08|Key_Procedure|iLiveSDK|initSdk(). appid: 1400019352 accoutType: 8970
2017-05-03 16:14:10|Key_Procedure|iLiveSDK|destroy()
2017-05-03 16:14:19|Key_Procedure|iLiveSDK|initSdk(). appid: 1400019352 accoutType: 8970
2017-05-03 16:15:03|Error|iLiveLoginMgr|IM login failed. Error: 6012 login failed.
2017-05-03 16:15:08|Key_Procedure|iLiveSDK|destroy()
2017-05-03 16:15:32|Key_Procedure|iLiveSDK|initSdk(). appid: 1400019352 accoutType: 8970
2017-05-03 16:16:26|Error|iLiveLoginMgr|IM login failed. Error: 6012 login failed.
2017-05-03 16:16:30|Key_Procedure|iLiveSDK|destroy()
2017-05-03 16:17:32|Key_Procedure|iLiveSDK|initSdk(). appid: 1400019352 accoutType: 8970
2017-05-03 16:19:07|Key_Procedure|iLiveSDK|initSdk(). appid: 1400019352 accoutType: 8970
2017-05-03 16:19:09|Key_Procedure|iLiveSDK|destroy()
2017-05-03 16:19:21|Key_Procedure|iLiveSDK|initSdk(). appid: 1400019352 accoutType: 8970
2017-05-03 16:19:31|Error|iLiveLoginMgr|IM login failed. Error: 6012 login failed.
2017-05-03 16:21:29|Key_Procedure|iLiveSDK|initSdk(). appid: 1400019352 accoutType: 8970
2017-05-03 16:22:35|Key_Procedure|iLiveSDK|initSdk(). appid: 1400019352 accoutType: 8970
2017-05-03 16:22:47|Key_Procedure|iLiveSDK|destroy()
2017-05-03 16:23:15|Key_Procedure|iLiveSDK|initSdk(). appid: 1400019352 accoutType: 8970
2017-05-03 16:23:20|Key_Procedure|iLiveSDK|destroy()
2017-05-03 16:23:42|Key_Procedure|iLiveRoomMgr|setLocalVideoCallBack()
2017-05-03 16:23:42|Key_Procedure|iLiveRoomMgr|setRemoteVideoCallBack()
2017-05-03 16:23:45|Key_Procedure|iLiveSDK|initSdk(). appid: 1400019352 accoutType: 8970
2017-05-03 16:23:58|Key_Procedure|iLiveSDK|destroy()
2017-05-03 16:29:16|Key_Procedure|iLiveRoomMgr|setLocalVideoCallBack()
2017-05-03 16:29:16|Key_Procedure|iLiveRoomMgr|setRemoteVideoCallBack()
2017-05-03 16:29:20|Key_Procedure|iLiveSDK|initSdk(). appid: 1400019352 accoutType: 8970
2017-05-03 16:29:29|Key_Procedure|iLiveSDK|destroy()
2017-05-03 16:31:31|Key_Procedure|iLiveRoomMgr|setLocalVideoCallBack()
2017-05-03 16:31:31|Key_Procedure|iLiveRoomMgr|setRemoteVideoCallBack()
2017-05-03 16:31:45|Key_Procedure|iLiveSDK|initSdk(). appid: 1400019352 accoutType: 8970
2017-05-03 16:31:57|Key_Procedure|iLiveSDK|destroy()
2017-05-03 16:32:05|Key_Procedure|iLiveRoomMgr|setLocalVideoCallBack()
2017-05-03 16:32:05|Key_Procedure|iLiveRoomMgr|setRemoteVideoCallBack()
2017-05-03 16:32:09|Key_Procedure|iLiveSDK|initSdk(). appid: 1400019352 accoutType: 8970
2017-05-03 16:32:29|Error|iLiveLoginMgr|IM login failed. Error: 6012 login failed.
2017-05-03 16:32:33|Key_Procedure|iLiveSDK|destroy()
2017-05-03 16:33:05|Key_Procedure|iLiveSDK|initSdk(). appid: 1400019352 accoutType: 8970
2017-05-03 16:33:17|Error|iLiveLoginMgr|IM login failed. Error: 6012 login failed.
2017-05-03 16:33:20|Key_Procedure|iLiveSDK|destroy()
2017-05-03 16:34:26|Key_Procedure|iLiveSDK|initSdk(). appid: 1400019352 accoutType: 8970
2017-05-03 16:34:40|Key_Procedure|iLiveSDK|destroy()
2017-05-03 16:47:55|Key_Procedure|iLiveSDK|initSdk(). appid: 1400019352 accoutType: 8970
2017-05-03 16:48:04|Key_Procedure|iLiveSDK|destroy()
